{
  "stats": {
    "suites": 12,
    "tests": 41,
    "passes": 10,
    "pending": 0,
    "failures": 31,
    "start": "2021-12-15T20:59:39.871Z",
    "end": "2021-12-15T21:01:49.983Z",
    "duration": 130112,
    "testsRegistered": 41,
    "passPercent": 24.390243902439025,
    "pendingPercent": 0,
    "other": 0,
    "hasOther": false,
    "skipped": 0,
    "hasSkipped": false
  },
  "results": [
    {
      "uuid": "1e091cc0-936c-42da-8a57-ced21ebd6735",
      "title": "",
      "fullFile": "cypress/integration/project.spec.js",
      "file": "cypress/integration/project.spec.js",
      "beforeHooks": [],
      "afterHooks": [],
      "tests": [],
      "suites": [
        {
          "uuid": "e410be30-2d8e-46a1-b16e-efb2473ff9f0",
          "title": "1 - Adicione à página o título \"Paleta de Cores\".",
          "fullFile": "",
          "file": "",
          "beforeHooks": [],
          "afterHooks": [],
          "tests": [
            {
              "title": "Verifica se contém um elemento `h1` com o id `title` com o título correto",
              "fullTitle": "1 - Adicione à página o título \"Paleta de Cores\". Verifica se contém um elemento `h1` com o id `title` com o título correto",
              "timedOut": null,
              "duration": 229,
              "state": "passed",
              "speed": "slow",
              "pass": true,
              "fail": false,
              "pending": false,
              "context": null,
              "code": "cy.get('h1#title').should('contain.text', 'Paleta de Cores');",
              "err": {},
              "uuid": "9d54691a-efc2-4f06-819b-d021ecd2c6cd",
              "parentUUID": "e410be30-2d8e-46a1-b16e-efb2473ff9f0",
              "isHook": false,
              "skipped": false
            }
          ],
          "suites": [],
          "passes": [
            "9d54691a-efc2-4f06-819b-d021ecd2c6cd"
          ],
          "failures": [],
          "pending": [],
          "skipped": [],
          "duration": 229,
          "root": false,
          "rootEmpty": false,
          "_timeout": 2000
        },
        {
          "uuid": "5983ffb7-215f-415d-a916-d66c2d4afe63",
          "title": "2 - Adicione à página uma paleta de quatro cores distintas.",
          "fullFile": "",
          "file": "",
          "beforeHooks": [],
          "afterHooks": [],
          "tests": [
            {
              "title": "A paleta de cores deve ser um elemento com `id` denominado `color-palette`",
              "fullTitle": "2 - Adicione à página uma paleta de quatro cores distintas. A paleta de cores deve ser um elemento com `id` denominado `color-palette`",
              "timedOut": null,
              "duration": 209,
              "state": "passed",
              "speed": "slow",
              "pass": true,
              "fail": false,
              "pending": false,
              "context": null,
              "code": "cy.get('#color-palette').should('be.visible');\ncy.get('#color-palette').children('.color');",
              "err": {},
              "uuid": "c77f3d28-9e2e-4bc0-a30a-66571cbcb672",
              "parentUUID": "5983ffb7-215f-415d-a916-d66c2d4afe63",
              "isHook": false,
              "skipped": false
            },
            {
              "title": "Verifica se cada cor individual da paleta de cores possui a `classe` chamada `color`.",
              "fullTitle": "2 - Adicione à página uma paleta de quatro cores distintas. Verifica se cada cor individual da paleta de cores possui a `classe` chamada `color`.",
              "timedOut": null,
              "duration": 4340,
              "state": "failed",
              "speed": null,
              "pass": false,
              "fail": true,
              "pending": false,
              "context": null,
              "code": "cy.get('.color').should('have.length', 4).then(function (colors) {\n  for (var i = 0; i < colors.length; i++) {\n    cy.wrap(colors[i]).should('be.visible');\n  }\n});",
              "err": {
                "message": "CypressError: Timed out retrying: Too many elements found. Found '5', expected '4'.",
                "estack": "CypressError: Timed out retrying: Too many elements found. Found '5', expected '4'.\n    at cypressErr (http://localhost:33001/__cypress/runner/cypress_runner.js:149934:9)\n    at throwErr (http://localhost:33001/__cypress/runner/cypress_runner.js:149867:11)\n    at Object.throwErrByPath (http://localhost:33001/__cypress/runner/cypress_runner.js:149915:3)\n    at retry (http://localhost:33001/__cypress/runner/cypress_runner.js:144197:19)\n    at onFailFn (http://localhost:33001/__cypress/runner/cypress_runner.js:132448:16)\n    at tryCatcher (http://localhost:33001/__cypress/runner/cypress_runner.js:167415:23)\n    at Promise._settlePromiseFromHandler (http://localhost:33001/__cypress/runner/cypress_runner.js:165351:31)\n    at Promise._settlePromise (http://localhost:33001/__cypress/runner/cypress_runner.js:165408:18)\n    at Promise._settlePromise0 (http://localhost:33001/__cypress/runner/cypress_runner.js:165453:10)\n    at Promise._settlePromises (http://localhost:33001/__cypress/runner/cypress_runner.js:165528:18)\n    at Async../node_modules/bluebird/js/release/async.js.Async._drainQueue (http://localhost:33001/__cypress/runner/cypress_runner.js:162140:16)\n    at Async../node_modules/bluebird/js/release/async.js.Async._drainQueues (http://localhost:33001/__cypress/runner/cypress_runner.js:162150:10)\n    at Async.drainQueues (http://localhost:33001/__cypress/runner/cypress_runner.js:162024:14)",
                "diff": null
              },
              "uuid": "0614da6c-438b-48a0-b530-e918aa2fbbdf",
              "parentUUID": "5983ffb7-215f-415d-a916-d66c2d4afe63",
              "isHook": false,
              "skipped": false
            },
            {
              "title": "Verifica se a cor de fundo de cada elemento da paleta é a cor que o elemento representa. **A única cor não permitida na paleta é a cor branca.**",
              "fullTitle": "2 - Adicione à página uma paleta de quatro cores distintas. Verifica se a cor de fundo de cada elemento da paleta é a cor que o elemento representa. **A única cor não permitida na paleta é a cor branca.**",
              "timedOut": null,
              "duration": 242,
              "state": "passed",
              "speed": "slow",
              "pass": true,
              "fail": false,
              "pending": false,
              "context": null,
              "code": "cy.get('.color').each(function (color) {\n  cy.wrap(color).should('have.class', 'color').and('not.have.css', 'background-color', WHITE);\n  cy.wrap(color).should('have.css', 'background-color');\n});",
              "err": {},
              "uuid": "331eecda-4548-4a52-b645-7b6d33be7cee",
              "parentUUID": "5983ffb7-215f-415d-a916-d66c2d4afe63",
              "isHook": false,
              "skipped": false
            },
            {
              "title": "Verifica se cada elemento da paleta de cores tem uma borda preta, sólida e com 1 pixel de largura;",
              "fullTitle": "2 - Adicione à página uma paleta de quatro cores distintas. Verifica se cada elemento da paleta de cores tem uma borda preta, sólida e com 1 pixel de largura;",
              "timedOut": null,
              "duration": 140,
              "state": "passed",
              "speed": "slow",
              "pass": true,
              "fail": false,
              "pending": false,
              "context": null,
              "code": "cy.get('.color').each(function (color) {\n  cy.wrap(color).and('have.css', 'border', \"1px solid \".concat(BLACK)).and('have.class', 'color');\n});",
              "err": {},
              "uuid": "1f63b875-f8cd-48c2-acdd-96927bebe4cd",
              "parentUUID": "5983ffb7-215f-415d-a916-d66c2d4afe63",
              "isHook": false,
              "skipped": false
            },
            {
              "title": "Verifica se a paleta lista todas as cores disponíveis para utilização, lado a lado.",
              "fullTitle": "2 - Adicione à página uma paleta de quatro cores distintas. Verifica se a paleta lista todas as cores disponíveis para utilização, lado a lado.",
              "timedOut": null,
              "duration": 92,
              "state": "passed",
              "speed": "slow",
              "pass": true,
              "fail": false,
              "pending": false,
              "context": null,
              "code": "cy.get('.color').then(function (colors) {\n  for (var index = 1; index < colors.length; index += 1) {\n    var currentColor = colors[index];\n    var previousColor = colors[index - 1];\n    cy.wrap(currentColor).should('be.onTheRightOf', previousColor).and('be.horizontallyAlignedWith', previousColor);\n  }\n});",
              "err": {},
              "uuid": "d341c951-43ef-4aed-9216-bb5a2458c72b",
              "parentUUID": "5983ffb7-215f-415d-a916-d66c2d4afe63",
              "isHook": false,
              "skipped": false
            },
            {
              "title": "Verifica se a paleta de cores está posicionada abaixo do título 'Paleta de Cores'",
              "fullTitle": "2 - Adicione à página uma paleta de quatro cores distintas. Verifica se a paleta de cores está posicionada abaixo do título 'Paleta de Cores'",
              "timedOut": null,
              "duration": 113,
              "state": "passed",
              "speed": "slow",
              "pass": true,
              "fail": false,
              "pending": false,
              "context": null,
              "code": "cy.get('h1#title').then(function (title) {\n  cy.get('#color-palette').should('be.belowOf', title);\n});",
              "err": {},
              "uuid": "7cbb7e04-2f12-47d1-94d7-f3917ff935bd",
              "parentUUID": "5983ffb7-215f-415d-a916-d66c2d4afe63",
              "isHook": false,
              "skipped": false
            },
            {
              "title": "Verifica se a paleta de cores não contém cores repetidas.",
              "fullTitle": "2 - Adicione à página uma paleta de quatro cores distintas. Verifica se a paleta de cores não contém cores repetidas.",
              "timedOut": null,
              "duration": 141,
              "state": "passed",
              "speed": "slow",
              "pass": true,
              "fail": false,
              "pending": false,
              "context": null,
              "code": "cy.get('.color').then(function (colors) {\n  var allColors = Array.from(colors).map(function (color) {\n    return Cypress.$(color).css('background-color');\n  });\n  cy.log(allColors);\n  var uniqColors = (0, _toConsumableArray2[\"default\"])(new Set(allColors));\n  cy.log(uniqColors);\n  expect(allColors.length).to.eq(uniqColors.length);\n});",
              "err": {},
              "uuid": "5fd970e1-488d-41b2-95fc-3df961f4b49a",
              "parentUUID": "5983ffb7-215f-415d-a916-d66c2d4afe63",
              "isHook": false,
              "skipped": false
            }
          ],
          "suites": [],
          "passes": [
            "c77f3d28-9e2e-4bc0-a30a-66571cbcb672",
            "331eecda-4548-4a52-b645-7b6d33be7cee",
            "1f63b875-f8cd-48c2-acdd-96927bebe4cd",
            "d341c951-43ef-4aed-9216-bb5a2458c72b",
            "7cbb7e04-2f12-47d1-94d7-f3917ff935bd",
            "5fd970e1-488d-41b2-95fc-3df961f4b49a"
          ],
          "failures": [
            "0614da6c-438b-48a0-b530-e918aa2fbbdf"
          ],
          "pending": [],
          "skipped": [],
          "duration": 5277,
          "root": false,
          "rootEmpty": false,
          "_timeout": 2000
        },
        {
          "uuid": "97265256-14cc-45dd-bd27-130fcd037cb9",
          "title": "3 - Adicione a cor **preta** como a primeira cor da paleta de cores.",
          "fullFile": "",
          "file": "",
          "beforeHooks": [],
          "afterHooks": [],
          "tests": [
            {
              "title": "Verifica se a primeira cor da paleta é preta",
              "fullTitle": "3 - Adicione a cor **preta** como a primeira cor da paleta de cores. Verifica se a primeira cor da paleta é preta",
              "timedOut": null,
              "duration": 183,
              "state": "passed",
              "speed": "slow",
              "pass": true,
              "fail": false,
              "pending": false,
              "context": null,
              "code": "cy.get('.color').first().should('have.css', 'background-color', BLACK);",
              "err": {},
              "uuid": "4a941b08-c510-4385-82db-c0b591bcaa59",
              "parentUUID": "97265256-14cc-45dd-bd27-130fcd037cb9",
              "isHook": false,
              "skipped": false
            },
            {
              "title": "Verifica se as demais cores podem ser escolhidas livremente.",
              "fullTitle": "3 - Adicione a cor **preta** como a primeira cor da paleta de cores. Verifica se as demais cores podem ser escolhidas livremente.",
              "timedOut": null,
              "duration": 319,
              "state": "passed",
              "speed": "slow",
              "pass": true,
              "fail": false,
              "pending": false,
              "context": null,
              "code": "cy.get('.color').eq(1).should('not.have.css', 'background-color', BLACK);\ncy.get('.color').eq(1).should('not.have.css', 'background-color', WHITE);\ncy.get('.color').eq(1).should('not.have.css', 'background-color', 'rgba(0, 0, 0, 0)');\ncy.get('.color').eq(1).should('have.css', 'background-color');\ncy.get('.color').eq(2).should('not.have.css', 'background-color', BLACK);\ncy.get('.color').eq(2).should('not.have.css', 'background-color', WHITE);\ncy.get('.color').eq(2).should('not.have.css', 'background-color', 'rgba(0, 0, 0, 0)');\ncy.get('.color').eq(2).should('have.css', 'background-color');\ncy.get('.color').eq(3).should('not.have.css', 'background-color', BLACK);\ncy.get('.color').eq(3).should('not.have.css', 'background-color', WHITE);\ncy.get('.color').eq(3).should('not.have.css', 'background-color', 'rgba(0, 0, 0, 0)');\ncy.get('.color').eq(3).should('have.css', 'background-color');",
              "err": {},
              "uuid": "0a5dd320-1f13-4240-9b4b-7e6287f374fb",
              "parentUUID": "97265256-14cc-45dd-bd27-130fcd037cb9",
              "isHook": false,
              "skipped": false
            }
          ],
          "suites": [],
          "passes": [
            "4a941b08-c510-4385-82db-c0b591bcaa59",
            "0a5dd320-1f13-4240-9b4b-7e6287f374fb"
          ],
          "failures": [],
          "pending": [],
          "skipped": [],
          "duration": 502,
          "root": false,
          "rootEmpty": false,
          "_timeout": 2000
        },
        {
          "uuid": "3a15652d-4f6b-405f-96be-3c9d2bbc7c7a",
          "title": "4 - Adicione à página um quadro de pixels, com 25 pixels.",
          "fullFile": "",
          "file": "",
          "beforeHooks": [],
          "afterHooks": [],
          "tests": [
            {
              "title": "Verifica se o quadro de pixels possui o `id` denominado `pixel-board`",
              "fullTitle": "4 - Adicione à página um quadro de pixels, com 25 pixels. Verifica se o quadro de pixels possui o `id` denominado `pixel-board`",
              "timedOut": null,
              "duration": 4422,
              "state": "failed",
              "speed": null,
              "pass": false,
              "fail": true,
              "pending": false,
              "context": null,
              "code": "cy.get('#pixel-board').should('be.visible');",
              "err": {
                "message": "CypressError: Timed out retrying: Expected to find element: '#pixel-board', but never found it.",
                "estack": "CypressError: Timed out retrying: Expected to find element: '#pixel-board', but never found it.\n    at cypressErr (http://localhost:33001/__cypress/runner/cypress_runner.js:149934:9)\n    at throwErr (http://localhost:33001/__cypress/runner/cypress_runner.js:149867:11)\n    at Object.throwErrByPath (http://localhost:33001/__cypress/runner/cypress_runner.js:149915:3)\n    at retry (http://localhost:33001/__cypress/runner/cypress_runner.js:144197:19)\n    at onFailFn (http://localhost:33001/__cypress/runner/cypress_runner.js:132448:16)\n    at tryCatcher (http://localhost:33001/__cypress/runner/cypress_runner.js:167415:23)\n    at Promise._settlePromiseFromHandler (http://localhost:33001/__cypress/runner/cypress_runner.js:165351:31)\n    at Promise._settlePromise (http://localhost:33001/__cypress/runner/cypress_runner.js:165408:18)\n    at Promise._settlePromise0 (http://localhost:33001/__cypress/runner/cypress_runner.js:165453:10)\n    at Promise._settlePromises (http://localhost:33001/__cypress/runner/cypress_runner.js:165528:18)\n    at Async../node_modules/bluebird/js/release/async.js.Async._drainQueue (http://localhost:33001/__cypress/runner/cypress_runner.js:162140:16)\n    at Async../node_modules/bluebird/js/release/async.js.Async._drainQueues (http://localhost:33001/__cypress/runner/cypress_runner.js:162150:10)\n    at Async.drainQueues (http://localhost:33001/__cypress/runner/cypress_runner.js:162024:14)",
                "diff": null
              },
              "uuid": "949b5152-3155-492e-9ebd-0303afc3da55",
              "parentUUID": "3a15652d-4f6b-405f-96be-3c9d2bbc7c7a",
              "isHook": false,
              "skipped": false
            },
            {
              "title": "Verifica se cada pixel individual dentro do quadro possui a `classe` denominada `pixel`.",
              "fullTitle": "4 - Adicione à página um quadro de pixels, com 25 pixels. Verifica se cada pixel individual dentro do quadro possui a `classe` denominada `pixel`.",
              "timedOut": null,
              "duration": 4493,
              "state": "failed",
              "speed": null,
              "pass": false,
              "fail": true,
              "pending": false,
              "context": null,
              "code": "cy.get('.pixel').should('have.length', 25);",
              "err": {
                "message": "CypressError: Timed out retrying: Expected to find element: '.pixel', but never found it.",
                "estack": "CypressError: Timed out retrying: Expected to find element: '.pixel', but never found it.\n    at cypressErr (http://localhost:33001/__cypress/runner/cypress_runner.js:149934:9)\n    at throwErr (http://localhost:33001/__cypress/runner/cypress_runner.js:149867:11)\n    at Object.throwErrByPath (http://localhost:33001/__cypress/runner/cypress_runner.js:149915:3)\n    at retry (http://localhost:33001/__cypress/runner/cypress_runner.js:144197:19)\n    at onFailFn (http://localhost:33001/__cypress/runner/cypress_runner.js:132448:16)\n    at tryCatcher (http://localhost:33001/__cypress/runner/cypress_runner.js:167415:23)\n    at Promise._settlePromiseFromHandler (http://localhost:33001/__cypress/runner/cypress_runner.js:165351:31)\n    at Promise._settlePromise (http://localhost:33001/__cypress/runner/cypress_runner.js:165408:18)\n    at Promise._settlePromise0 (http://localhost:33001/__cypress/runner/cypress_runner.js:165453:10)\n    at Promise._settlePromises (http://localhost:33001/__cypress/runner/cypress_runner.js:165528:18)\n    at Async../node_modules/bluebird/js/release/async.js.Async._drainQueue (http://localhost:33001/__cypress/runner/cypress_runner.js:162140:16)\n    at Async../node_modules/bluebird/js/release/async.js.Async._drainQueues (http://localhost:33001/__cypress/runner/cypress_runner.js:162150:10)\n    at Async.drainQueues (http://localhost:33001/__cypress/runner/cypress_runner.js:162024:14)",
                "diff": null
              },
              "uuid": "3f895c69-58cb-4ae1-9e0e-4c31e7ccab65",
              "parentUUID": "3a15652d-4f6b-405f-96be-3c9d2bbc7c7a",
              "isHook": false,
              "skipped": false
            },
            {
              "title": "Verifica se a cor inicial dos pixels dentro do quadro, ao abrir a página, é branca.",
              "fullTitle": "4 - Adicione à página um quadro de pixels, com 25 pixels. Verifica se a cor inicial dos pixels dentro do quadro, ao abrir a página, é branca.",
              "timedOut": null,
              "duration": 4463,
              "state": "failed",
              "speed": null,
              "pass": false,
              "fail": true,
              "pending": false,
              "context": null,
              "code": "cy.get('.pixel').should('have.length', 25).each(function (pixel) {\n  expect(pixel).to.have.css('background-color', WHITE);\n});",
              "err": {
                "message": "CypressError: Timed out retrying: Expected to find element: '.pixel', but never found it.",
                "estack": "CypressError: Timed out retrying: Expected to find element: '.pixel', but never found it.\n    at cypressErr (http://localhost:33001/__cypress/runner/cypress_runner.js:149934:9)\n    at throwErr (http://localhost:33001/__cypress/runner/cypress_runner.js:149867:11)\n    at Object.throwErrByPath (http://localhost:33001/__cypress/runner/cypress_runner.js:149915:3)\n    at retry (http://localhost:33001/__cypress/runner/cypress_runner.js:144197:19)\n    at onFailFn (http://localhost:33001/__cypress/runner/cypress_runner.js:132448:16)\n    at tryCatcher (http://localhost:33001/__cypress/runner/cypress_runner.js:167415:23)\n    at Promise._settlePromiseFromHandler (http://localhost:33001/__cypress/runner/cypress_runner.js:165351:31)\n    at Promise._settlePromise (http://localhost:33001/__cypress/runner/cypress_runner.js:165408:18)\n    at Promise._settlePromise0 (http://localhost:33001/__cypress/runner/cypress_runner.js:165453:10)\n    at Promise._settlePromises (http://localhost:33001/__cypress/runner/cypress_runner.js:165528:18)\n    at Async../node_modules/bluebird/js/release/async.js.Async._drainQueue (http://localhost:33001/__cypress/runner/cypress_runner.js:162140:16)\n    at Async../node_modules/bluebird/js/release/async.js.Async._drainQueues (http://localhost:33001/__cypress/runner/cypress_runner.js:162150:10)\n    at Async.drainQueues (http://localhost:33001/__cypress/runner/cypress_runner.js:162024:14)",
                "diff": null
              },
              "uuid": "e77d073d-bc54-4816-b7d7-340f72b72a5b",
              "parentUUID": "3a15652d-4f6b-405f-96be-3c9d2bbc7c7a",
              "isHook": false,
              "skipped": false
            },
            {
              "title": "Verifica se o quadro de pixels aparece abaixo da paleta de cores",
              "fullTitle": "4 - Adicione à página um quadro de pixels, com 25 pixels. Verifica se o quadro de pixels aparece abaixo da paleta de cores",
              "timedOut": null,
              "duration": 4470,
              "state": "failed",
              "speed": null,
              "pass": false,
              "fail": true,
              "pending": false,
              "context": null,
              "code": "cy.get('#color-palette').then(function (palette) {\n  cy.get('#pixel-board').should('be.belowOf', palette);\n});",
              "err": {
                "message": "CypressError: Timed out retrying: Expected to find element: '#pixel-board', but never found it.",
                "estack": "CypressError: Timed out retrying: Expected to find element: '#pixel-board', but never found it.\n    at cypressErr (http://localhost:33001/__cypress/runner/cypress_runner.js:149934:9)\n    at throwErr (http://localhost:33001/__cypress/runner/cypress_runner.js:149867:11)\n    at Object.throwErrByPath (http://localhost:33001/__cypress/runner/cypress_runner.js:149915:3)\n    at retry (http://localhost:33001/__cypress/runner/cypress_runner.js:144197:19)\n    at onFailFn (http://localhost:33001/__cypress/runner/cypress_runner.js:132448:16)\n    at tryCatcher (http://localhost:33001/__cypress/runner/cypress_runner.js:167415:23)\n    at Promise._settlePromiseFromHandler (http://localhost:33001/__cypress/runner/cypress_runner.js:165351:31)\n    at Promise._settlePromise (http://localhost:33001/__cypress/runner/cypress_runner.js:165408:18)\n    at Promise._settlePromise0 (http://localhost:33001/__cypress/runner/cypress_runner.js:165453:10)\n    at Promise._settlePromises (http://localhost:33001/__cypress/runner/cypress_runner.js:165528:18)\n    at Async../node_modules/bluebird/js/release/async.js.Async._drainQueue (http://localhost:33001/__cypress/runner/cypress_runner.js:162140:16)\n    at Async../node_modules/bluebird/js/release/async.js.Async._drainQueues (http://localhost:33001/__cypress/runner/cypress_runner.js:162150:10)\n    at Async.drainQueues (http://localhost:33001/__cypress/runner/cypress_runner.js:162024:14)",
                "diff": null
              },
              "uuid": "37a5d907-11e0-4f37-9fe0-6f9c2b1030c4",
              "parentUUID": "3a15652d-4f6b-405f-96be-3c9d2bbc7c7a",
              "isHook": false,
              "skipped": false
            }
          ],
          "suites": [],
          "passes": [],
          "failures": [
            "949b5152-3155-492e-9ebd-0303afc3da55",
            "3f895c69-58cb-4ae1-9e0e-4c31e7ccab65",
            "e77d073d-bc54-4816-b7d7-340f72b72a5b",
            "37a5d907-11e0-4f37-9fe0-6f9c2b1030c4"
          ],
          "pending": [],
          "skipped": [],
          "duration": 17848,
          "root": false,
          "rootEmpty": false,
          "_timeout": 2000
        },
        {
          "uuid": "17101704-8680-4d20-87d1-121161badac1",
          "title": "5 - Faça com que cada elemento do quadro de pixels possua 40 pixels de largura, 40 pixels de altura e seja delimitado por uma borda preta de 1 pixel.",
          "fullFile": "",
          "file": "",
          "beforeHooks": [],
          "afterHooks": [],
          "tests": [
            {
              "title": "Verifica se o quadro de pixels tem altura e comprimento de 5 elementos",
              "fullTitle": "5 - Faça com que cada elemento do quadro de pixels possua 40 pixels de largura, 40 pixels de altura e seja delimitado por uma borda preta de 1 pixel. Verifica se o quadro de pixels tem altura e comprimento de 5 elementos",
              "timedOut": null,
              "duration": 4522,
              "state": "failed",
              "speed": null,
              "pass": false,
              "fail": true,
              "pending": false,
              "context": null,
              "code": "cy.get('.pixel').should('have.length', 25).each(function (pixel) {\n  expect(pixel).to.have.css('background-color', WHITE);\n}).and(function (pixels) {\n  var rows = chunk(pixels, 5);\n  rows.forEach(function (row) {\n    for (var index = 1; index < row.length; index += 1) {\n      var current = pixels[index];\n      var previous = pixels[index - 1];\n      cy.wrap(current).should('be.onTheRightOf', previous).and('be.horizontallyAlignedWith', previous);\n    }\n  });\n  for (var index = 1; index < 5; index += 1) {\n    expect(pixels[index * 5]).to.be.belowOf(pixels[(index - 1) * 5]);\n  }\n});",
              "err": {
                "message": "CypressError: Timed out retrying: Expected to find element: '.pixel', but never found it.",
                "estack": "CypressError: Timed out retrying: Expected to find element: '.pixel', but never found it.\n    at cypressErr (http://localhost:33001/__cypress/runner/cypress_runner.js:149934:9)\n    at throwErr (http://localhost:33001/__cypress/runner/cypress_runner.js:149867:11)\n    at Object.throwErrByPath (http://localhost:33001/__cypress/runner/cypress_runner.js:149915:3)\n    at retry (http://localhost:33001/__cypress/runner/cypress_runner.js:144197:19)\n    at onFailFn (http://localhost:33001/__cypress/runner/cypress_runner.js:132448:16)\n    at tryCatcher (http://localhost:33001/__cypress/runner/cypress_runner.js:167415:23)\n    at Promise._settlePromiseFromHandler (http://localhost:33001/__cypress/runner/cypress_runner.js:165351:31)\n    at Promise._settlePromise (http://localhost:33001/__cypress/runner/cypress_runner.js:165408:18)\n    at Promise._settlePromise0 (http://localhost:33001/__cypress/runner/cypress_runner.js:165453:10)\n    at Promise._settlePromises (http://localhost:33001/__cypress/runner/cypress_runner.js:165528:18)\n    at Async../node_modules/bluebird/js/release/async.js.Async._drainQueue (http://localhost:33001/__cypress/runner/cypress_runner.js:162140:16)\n    at Async../node_modules/bluebird/js/release/async.js.Async._drainQueues (http://localhost:33001/__cypress/runner/cypress_runner.js:162150:10)\n    at Async.drainQueues (http://localhost:33001/__cypress/runner/cypress_runner.js:162024:14)",
                "diff": null
              },
              "uuid": "d8e74369-fc1f-4dcf-9283-e51df664adab",
              "parentUUID": "17101704-8680-4d20-87d1-121161badac1",
              "isHook": false,
              "skipped": false
            },
            {
              "title": "Verifica se 40 pixels é o tamanho total do elemento, incluindo seu conteúdo e excluindo a borda preta, que deve ser criada à parte.",
              "fullTitle": "5 - Faça com que cada elemento do quadro de pixels possua 40 pixels de largura, 40 pixels de altura e seja delimitado por uma borda preta de 1 pixel. Verifica se 40 pixels é o tamanho total do elemento, incluindo seu conteúdo e excluindo a borda preta, que deve ser criada à parte.",
              "timedOut": null,
              "duration": 4440,
              "state": "failed",
              "speed": null,
              "pass": false,
              "fail": true,
              "pending": false,
              "context": null,
              "code": "cy.get('.pixel').each(function (pixel) {\n  cy.wrap(pixel).should('have.css', 'height', '40px').and('have.css', 'width', '40px').and('have.css', 'border', \"1px solid \".concat(BLACK));\n});",
              "err": {
                "message": "CypressError: Timed out retrying: Expected to find element: '.pixel', but never found it.",
                "estack": "CypressError: Timed out retrying: Expected to find element: '.pixel', but never found it.\n    at cypressErr (http://localhost:33001/__cypress/runner/cypress_runner.js:149934:9)\n    at throwErr (http://localhost:33001/__cypress/runner/cypress_runner.js:149867:11)\n    at Object.throwErrByPath (http://localhost:33001/__cypress/runner/cypress_runner.js:149915:3)\n    at retry (http://localhost:33001/__cypress/runner/cypress_runner.js:144197:19)\n    at onFailFn (http://localhost:33001/__cypress/runner/cypress_runner.js:132448:16)\n    at tryCatcher (http://localhost:33001/__cypress/runner/cypress_runner.js:167415:23)\n    at Promise._settlePromiseFromHandler (http://localhost:33001/__cypress/runner/cypress_runner.js:165351:31)\n    at Promise._settlePromise (http://localhost:33001/__cypress/runner/cypress_runner.js:165408:18)\n    at Promise._settlePromise0 (http://localhost:33001/__cypress/runner/cypress_runner.js:165453:10)\n    at Promise._settlePromises (http://localhost:33001/__cypress/runner/cypress_runner.js:165528:18)\n    at Async../node_modules/bluebird/js/release/async.js.Async._drainQueue (http://localhost:33001/__cypress/runner/cypress_runner.js:162140:16)\n    at Async../node_modules/bluebird/js/release/async.js.Async._drainQueues (http://localhost:33001/__cypress/runner/cypress_runner.js:162150:10)\n    at Async.drainQueues (http://localhost:33001/__cypress/runner/cypress_runner.js:162024:14)",
                "diff": null
              },
              "uuid": "76b895d1-4afd-43bf-bf81-e36815bf2518",
              "parentUUID": "17101704-8680-4d20-87d1-121161badac1",
              "isHook": false,
              "skipped": false
            }
          ],
          "suites": [],
          "passes": [],
          "failures": [
            "d8e74369-fc1f-4dcf-9283-e51df664adab",
            "76b895d1-4afd-43bf-bf81-e36815bf2518"
          ],
          "pending": [],
          "skipped": [],
          "duration": 8962,
          "root": false,
          "rootEmpty": false,
          "_timeout": 2000
        },
        {
          "uuid": "ac9e4c2d-4b5f-4bd3-87be-30487d6fa320",
          "title": "6 - Defina a cor preta como cor inicial. Ao carregar a página a cor preta já deve estar selecionada para pintar os pixels",
          "fullFile": "",
          "file": "",
          "beforeHooks": [],
          "afterHooks": [],
          "tests": [
            {
              "title": "Verifica se o elemento da cor preta possui, inicialmente, a `classe` `selected`",
              "fullTitle": "6 - Defina a cor preta como cor inicial. Ao carregar a página a cor preta já deve estar selecionada para pintar os pixels Verifica se o elemento da cor preta possui, inicialmente, a `classe` `selected`",
              "timedOut": null,
              "duration": 4455,
              "state": "failed",
              "speed": null,
              "pass": false,
              "fail": true,
              "pending": false,
              "context": null,
              "code": "cy.get('.selected').first().should('have.css', 'background-color', BLACK);",
              "err": {
                "message": "CypressError: Timed out retrying: Expected to find element: '.selected', but never found it.",
                "estack": "CypressError: Timed out retrying: Expected to find element: '.selected', but never found it.\n    at cypressErr (http://localhost:33001/__cypress/runner/cypress_runner.js:149934:9)\n    at throwErr (http://localhost:33001/__cypress/runner/cypress_runner.js:149867:11)\n    at Object.throwErrByPath (http://localhost:33001/__cypress/runner/cypress_runner.js:149915:3)\n    at retry (http://localhost:33001/__cypress/runner/cypress_runner.js:144197:19)\n    at onFailFn (http://localhost:33001/__cypress/runner/cypress_runner.js:132448:16)\n    at tryCatcher (http://localhost:33001/__cypress/runner/cypress_runner.js:167415:23)\n    at Promise._settlePromiseFromHandler (http://localhost:33001/__cypress/runner/cypress_runner.js:165351:31)\n    at Promise._settlePromise (http://localhost:33001/__cypress/runner/cypress_runner.js:165408:18)\n    at Promise._settlePromise0 (http://localhost:33001/__cypress/runner/cypress_runner.js:165453:10)\n    at Promise._settlePromises (http://localhost:33001/__cypress/runner/cypress_runner.js:165528:18)\n    at Async../node_modules/bluebird/js/release/async.js.Async._drainQueue (http://localhost:33001/__cypress/runner/cypress_runner.js:162140:16)\n    at Async../node_modules/bluebird/js/release/async.js.Async._drainQueues (http://localhost:33001/__cypress/runner/cypress_runner.js:162150:10)\n    at Async.drainQueues (http://localhost:33001/__cypress/runner/cypress_runner.js:162024:14)",
                "diff": null
              },
              "uuid": "ccfff3f1-e886-4c47-a6be-89e30ad8a6d7",
              "parentUUID": "ac9e4c2d-4b5f-4bd3-87be-30487d6fa320",
              "isHook": false,
              "skipped": false
            },
            {
              "title": "Verifica se nenhuma outra cor da paleta tem a `classe` `selected`",
              "fullTitle": "6 - Defina a cor preta como cor inicial. Ao carregar a página a cor preta já deve estar selecionada para pintar os pixels Verifica se nenhuma outra cor da paleta tem a `classe` `selected`",
              "timedOut": null,
              "duration": 283,
              "state": "passed",
              "speed": "slow",
              "pass": true,
              "fail": false,
              "pending": false,
              "context": null,
              "code": "cy.get('.color:not(:first-child)').each(function (color) {\n  cy.wrap(color).should('not.have.class', 'selected');\n});",
              "err": {},
              "uuid": "d4ed487b-9523-4eb1-8894-8a88c7783e8b",
              "parentUUID": "ac9e4c2d-4b5f-4bd3-87be-30487d6fa320",
              "isHook": false,
              "skipped": false
            }
          ],
          "suites": [],
          "passes": [
            "d4ed487b-9523-4eb1-8894-8a88c7783e8b"
          ],
          "failures": [
            "ccfff3f1-e886-4c47-a6be-89e30ad8a6d7"
          ],
          "pending": [],
          "skipped": [],
          "duration": 4738,
          "root": false,
          "rootEmpty": false,
          "_timeout": 2000
        },
        {
          "uuid": "7e74f323-771c-4e6d-ade1-6ebaa0ed6c7c",
          "title": "7 - Clicar em uma das cores da paleta, faz com que ela seja selecionada e utilizada para preencher os pixels no quadro.",
          "fullFile": "",
          "file": "",
          "beforeHooks": [],
          "afterHooks": [],
          "tests": [
            {
              "title": "Verifica se somente uma cor da paleta de cores tem a classe `selected` de cada vez",
              "fullTitle": "7 - Clicar em uma das cores da paleta, faz com que ela seja selecionada e utilizada para preencher os pixels no quadro. Verifica se somente uma cor da paleta de cores tem a classe `selected` de cada vez",
              "timedOut": null,
              "duration": 474,
              "state": "failed",
              "speed": null,
              "pass": false,
              "fail": true,
              "pending": false,
              "context": null,
              "code": "cy.get('.color').each(function (selectedColor, selectedColorIndex) {\n  cy.wrap(selectedColor).click();\n  cy.get('.color').each(function (color, colorIndex) {\n    if (colorIndex === selectedColorIndex) {\n      expect(color).to.have[\"class\"]('selected');\n    } else {\n      expect(color).not.to.have[\"class\"]('selected');\n    }\n  });\n});",
              "err": {
                "message": "AssertionError: expected '<li.color>' to have class 'selected'",
                "estack": "AssertionError: expected '<li.color>' to have class 'selected'\n    at callback (http://localhost:33001/__cypress/runner/cypress_runner.js:136947:20)\n    at getRet (http://localhost:33001/__cypress/runner/cypress_runner.js:136585:16)\n    at tryCatcher (http://localhost:33001/__cypress/runner/cypress_runner.js:167415:23)\n    at Function.Promise.attempt.Promise.try (http://localhost:33001/__cypress/runner/cypress_runner.js:164690:29)\n    at thenFn (http://localhost:33001/__cypress/runner/cypress_runner.js:136599:23)\n    at yieldItem (http://localhost:33001/__cypress/runner/cypress_runner.js:136954:16)\n    at tryCatcher (http://localhost:33001/__cypress/runner/cypress_runner.js:167415:23)\n    at Object.gotValue (http://localhost:33001/__cypress/runner/cypress_runner.js:166557:18)\n    at Object.gotAccum (http://localhost:33001/__cypress/runner/cypress_runner.js:166546:25)\n    at Object.tryCatcher (http://localhost:33001/__cypress/runner/cypress_runner.js:167415:23)\n    at Promise._settlePromiseFromHandler (http://localhost:33001/__cypress/runner/cypress_runner.js:165351:31)\n    at Promise._settlePromise (http://localhost:33001/__cypress/runner/cypress_runner.js:165408:18)\n    at Promise._settlePromiseCtx (http://localhost:33001/__cypress/runner/cypress_runner.js:165445:10)\n    at Async../node_modules/bluebird/js/release/async.js.Async._drainQueue (http://localhost:33001/__cypress/runner/cypress_runner.js:162145:12)\n    at Async../node_modules/bluebird/js/release/async.js.Async._drainQueues (http://localhost:33001/__cypress/runner/cypress_runner.js:162150:10)\n    at Async.drainQueues (http://localhost:33001/__cypress/runner/cypress_runner.js:162024:14)",
                "diff": "- { '0': <li class=\"color\" style=\"background-color: black;\"></li>,\n-   length: 1,\n-   jquery: '3.1.1',\n-   constructor: \n-    { [Function: jQuery]\n-      fn: \n-       { jquery: '3.1.1',\n-         constructor: [Circular],\n-         length: 0,\n-         toArray: [Function: toArray],\n-         get: [Function: get],\n-         pushStack: [Function: pushStack],\n-         each: [Function: each],\n-         map: [Function: map],\n-         slice: [Function: slice],\n-         first: [Function: first],\n-         last: [Function: last],\n-         eq: [Function: eq],\n-         end: [Function: end],\n-         push: [Function: push],\n-         sort: [Function: sort],\n-         splice: [Function: splice],\n-         extend: [Function],\n-         find: [Function: find],\n-         filter: [Function: filter],\n-         not: [Function: not],\n-         is: [Function: is],\n-         init: [Function],\n-         has: [Function: has],\n-         closest: [Function: closest],\n-         index: [Function: index],\n-         add: [Function: add],\n-         addBack: [Function: addBack],\n-         parent: [Function],\n-         parents: [Function],\n-         parentsUntil: [Function],\n-         next: [Function],\n-         prev: [Function],\n-         nextAll: [Function],\n-         prevAll: [Function],\n-         nextUntil: [Function],\n-         prevUntil: [Function],\n-         siblings: [Function],\n-         children: [Function],\n-         contents: [Function],\n-         ready: [Function],\n-         data: [Function: data],\n-         removeData: [Function: removeData],\n-         queue: [Function: queue],\n-         dequeue: [Function: dequeue],\n-         clearQueue: [Function: clearQueue],\n-         promise: [Function: promise],\n-         show: [Function],\n-         hide: [Function],\n-         toggle: [Function],\n-         on: [Function: on],\n-         one: [Function: one],\n-         off: [Function: off],\n-         detach: [Function: detach],\n-         remove: [Function: remove],\n-         text: [Function: text],\n-         append: [Function: append],\n-         prepend: [Function: prepend],\n-         before: [Function: before],\n-         after: [Function: after],\n-         empty: [Function: empty],\n-         clone: [Function: clone],\n-         html: [Function: html],\n-         replaceWith: [Function: replaceWith],\n-         appendTo: [Function],\n-         prependTo: [Function],\n-         insertBefore: [Function],\n-         insertAfter: [Function],\n-         replaceAll: [Function],\n-         css: [Function: css],\n-         fadeTo: [Function: fadeTo],\n-         animate: [Function: animate],\n-         stop: [Function: stop],\n-         finish: [Function: finish],\n-         slideDown: [Function],\n-         slideUp: [Function],\n-         slideToggle: [Function],\n-         fadeIn: [Function],\n-         fadeOut: [Function],\n-         fadeToggle: [Function],\n-         delay: [Function],\n-         attr: [Function: attr],\n-         removeAttr: [Function: removeAttr],\n-         prop: [Function: prop],\n-         removeProp: [Function: removeProp],\n-         addClass: [Function: addClass],\n-         removeClass: [Function: removeClass],\n-         toggleClass: [Function: toggleClass],\n-         hasClass: [Function: hasClass],\n-         val: [Function: val],\n-         trigger: [Function: trigger],\n-         triggerHandler: [Function: triggerHandler],\n-         blur: [Function],\n-         focus: [Function],\n-         focusin: [Function],\n-         focusout: [Function],\n-         resize: [Function],\n-         scroll: [Function],\n-         click: [Function],\n-         dblclick: [Function],\n-         mousedown: [Function],\n-         mouseup: [Function],\n-         mousemove: [Function],\n-         mouseover: [Function],\n-         mouseout: [Function],\n-         mouseenter: [Function],\n-         mouseleave: [Function],\n-         change: [Function],\n-         select: [Function],\n-         submit: [Function],\n-         keydown: [Function],\n-         keypress: [Function],\n-         keyup: [Function],\n-         contextmenu: [Function],\n-         hover: [Function: hover],\n-         serialize: [Function: serialize],\n-         serializeArray: [Function: serializeArray],\n-         wrapAll: [Function: wrapAll],\n-         wrapInner: [Function: wrapInner],\n-         wrap: [Function: wrap],\n-         unwrap: [Function: unwrap],\n-         load: [Function],\n-         ajaxStart: [Function],\n-         ajaxStop: [Function],\n-         ajaxComplete: [Function],\n-         ajaxError: [Function],\n-         ajaxSuccess: [Function],\n-         ajaxSend: [Function],\n-         offset: [Function: offset],\n-         position: [Function: position],\n-         offsetParent: [Function: offsetParent],\n-         scrollLeft: [Function],\n-         scrollTop: [Function],\n-         innerHeight: [Function],\n-         height: [Function],\n-         outerHeight: [Function],\n-         innerWidth: [Function],\n-         width: [Function],\n-         outerWidth: [Function],\n-         bind: [Function: bind],\n-         unbind: [Function: unbind],\n-         delegate: [Function: delegate],\n-         undelegate: [Function: undelegate],\n-         scrollTo: [Function] },\n-      extend: [Function],\n-      expando: 'jQuery31107340986366791817',\n-      isReady: true,\n-      error: [Function: error],\n-      noop: [Function: noop],\n-      isFunction: [Function: isFunction],\n-      isArray: [Function: isArray],\n-      isWindow: [Function: isWindow],\n-      isNumeric: [Function: isNumeric],\n-      isPlainObject: [Function: isPlainObject],\n-      isEmptyObject: [Function: isEmptyObject],\n-      type: [Function: type],\n-      globalEval: [Function: globalEval],\n-      camelCase: [Function: camelCase],\n-      nodeName: [Function: nodeName],\n-      each: [Function: each],\n-      trim: [Function: trim],\n-      makeArray: [Function: makeArray],\n-      inArray: [Function: inArray],\n-      merge: [Function: merge],\n-      grep: [Function: grep],\n-      map: [Function: map],\n-      guid: 7,\n-      proxy: [Function: proxy],\n-      now: [Function: now],\n-      support: \n-       { checkClone: true,\n-         noCloneChecked: true,\n-         clearCloneStyle: true,\n-         pixelPosition: [Function: pixelPosition],\n-         boxSizingReliable: [Function: boxSizingReliable],\n-         pixelMarginRight: [Function: pixelMarginRight],\n-         reliableMarginLeft: [Function: reliableMarginLeft],\n-         checkOn: true,\n-         optSelected: true,\n-         radioValue: true,\n-         focusin: false,\n-         cors: true,\n-         ajax: true,\n-         createHTMLDocument: true },\n-      find: \n-       { [Function: Sizzle]\n-         support: [Object],\n-         isXML: [Function],\n-         setDocument: [Function],\n-         matches: [Function],\n-         matchesSelector: [Function],\n-         contains: [Function],\n-         attr: [Function],\n-         escape: [Function],\n-         error: [Function],\n-         uniqueSort: [Function],\n-         getText: [Function],\n-         selectors: [Object],\n-         tokenize: [Function],\n-         compile: [Function],\n-         select: [Function] },\n-      expr: \n-       { cacheLength: 1,\n-         createPseudo: [Function: markFunction],\n-         match: [Object],\n-         attrHandle: [Object],\n-         find: [Object],\n-         relative: [Object],\n-         preFilter: [Object],\n-         filter: [Object],\n-         pseudos: [Object],\n-         filters: [Object],\n-         setFilters: [Object],\n-         ':': [Object] },\n-      unique: [Function],\n-      uniqueSort: [Function],\n-      text: [Function],\n-      isXMLDoc: [Function],\n-      contains: [Function],\n-      escapeSelector: [Function],\n-      filter: [Function],\n-      Callbacks: [Function],\n-      Deferred: { [Function: Deferred] exceptionHook: [Function] },\n-      when: [Function: when],\n-      readyException: [Function],\n-      readyWait: 0,\n-      holdReady: [Function: holdReady],\n-      ready: { [Function: ready] then: [Function: then] },\n-      hasData: [Function: hasData],\n-      data: [Function: data],\n-      removeData: [Function: removeData],\n-      _data: [Function: _data],\n-      _removeData: [Function: _removeData],\n-      queue: [Function: queue],\n-      dequeue: [Function: dequeue],\n-      _queueHooks: [Function: _queueHooks],\n-      event: \n-       { global: [Object],\n-         add: [Function: add],\n-         remove: [Function: remove],\n-         dispatch: [Function: dispatch],\n-         handlers: [Function: handlers],\n-         addProp: [Function: addProp],\n-         fix: [Function: fix],\n-         special: [Object],\n-         trigger: [Function: trigger],\n-         simulate: [Function: simulate] },\n-      removeEvent: [Function],\n-      Event: [Function],\n-      htmlPrefilter: [Function: htmlPrefilter],\n-      clone: [Function: clone],\n-      cleanData: [Function: cleanData],\n-      cssHooks: \n-       { opacity: [Object],\n-         height: [Object],\n-         width: [Object],\n-         marginLeft: [Object],\n-         margin: [Object],\n-         padding: [Object],\n-         borderWidth: [Object],\n-         top: [Object],\n-         left: [Object] },\n-      cssNumber: \n-       { animationIterationCount: true,\n-         columnCount: true,\n-         fillOpacity: true,\n-         flexGrow: true,\n-         flexShrink: true,\n-         fontWeight: true,\n-         lineHeight: true,\n-         opacity: true,\n-         order: true,\n-         orphans: true,\n-         widows: true,\n-         zIndex: true,\n-         zoom: true },\n-      cssProps: \n-       { float: 'cssFloat',\n-         width: 'width',\n-         display: 'display',\n-         boxSizing: 'boxSizing',\n-         height: 'height',\n-         overflow: 'overflow',\n-         overflowY: 'overflowY',\n-         overflowX: 'overflowX',\n-         visibility: 'visibility',\n-         position: 'position',\n-         backgroundColor: 'backgroundColor',\n-         border: 'border',\n-         paddingRight: 'paddingRight',\n-         borderRightWidth: 'borderRightWidth',\n-         paddingLeft: 'paddingLeft',\n-         borderLeftWidth: 'borderLeftWidth',\n-         paddingTop: 'paddingTop',\n-         borderTopWidth: 'borderTopWidth',\n-         paddingBottom: 'paddingBottom',\n-         borderBottomWidth: 'borderBottomWidth' },\n-      style: [Function: style],\n-      css: [Function: css],\n-      Tween: { [Function: Tween] propHooks: [Object] },\n-      easing: \n-       { linear: [Function: linear],\n-         swing: [Function: swing],\n-         _default: 'swing' },\n-      fx: \n-       { [Function: init]\n-         step: {},\n-         tick: [Function],\n-         timer: [Function],\n-         interval: 13,\n-         start: [Function],\n-         stop: [Function],\n-         speeds: [Object] },\n-      Animation: \n-       { [Function: Animation]\n-         tweeners: [Object],\n-         tweener: [Function: tweener],\n-         prefilters: [Object],\n-         prefilter: [Function: prefilter] },\n-      speed: [Function],\n-      timers: [],\n-      attr: [Function: attr],\n-      attrHooks: { type: [Object] },\n-      removeAttr: [Function: removeAttr],\n-      prop: [Function: prop],\n-      propHooks: { tabIndex: [Object] },\n-      propFix: \n-       { for: 'htmlFor',\n-         class: 'className',\n-         tabindex: 'tabIndex',\n-         readonly: 'readOnly',\n-         maxlength: 'maxLength',\n-         cellspacing: 'cellSpacing',\n-         cellpadding: 'cellPadding',\n-         rowspan: 'rowSpan',\n-         colspan: 'colSpan',\n-         usemap: 'useMap',\n-         frameborder: 'frameBorder',\n-         contenteditable: 'contentEditable' },\n-      valHooks: \n-       { option: [Object],\n-         select: [Object],\n-         radio: [Object],\n-         checkbox: [Object] },\n-      parseXML: [Function],\n-      param: [Function],\n-      active: 0,\n-      lastModified: {},\n-      etag: {},\n-      ajaxSettings: \n-       { url: 'http://localhost:33001/__/#/tests/integration/project.spec.js',\n-         type: 'GET',\n-         isLocal: false,\n-         global: true,\n-         processData: true,\n-         async: true,\n-         contentType: 'application/x-www-form-urlencoded; charset=UTF-8',\n-         accepts: [Object],\n-         contents: [Object],\n-         responseFields: [Object],\n-         converters: [Object],\n-         flatOptions: [Object],\n-         xhr: [Function],\n-         jsonp: 'callback',\n-         jsonpCallback: [Function: jsonpCallback],\n-         cache: false },\n-      ajaxSetup: [Function: ajaxSetup],\n-      ajaxPrefilter: [Function],\n-      ajaxTransport: [Function],\n-      ajax: [Function: ajax],\n-      getJSON: [Function: getJSON],\n-      getScript: [Function: getScript],\n-      get: [Function],\n-      post: [Function],\n-      _evalUrl: [Function],\n-      parseHTML: [Function],\n-      offset: { setOffset: [Function: setOffset] },\n-      parseJSON: [Function: parse],\n-      noConflict: [Function],\n-      scrollTo: { [Function] defaults: [Object], max: [Function] } },\n-   toArray: [Function: toArray],\n-   get: [Function: get],\n-   pushStack: [Function: pushStack],\n-   each: [Function: each],\n-   map: [Function: map],\n-   slice: [Function: slice],\n-   first: [Function: first],\n-   last: [Function: last],\n-   eq: [Function: eq],\n-   end: [Function: end],\n-   push: [Function: push],\n-   sort: [Function: sort],\n-   splice: [Function: splice],\n-   extend: [Function],\n-   find: [Function: find],\n-   filter: [Function: filter],\n-   not: [Function: not],\n-   is: [Function: is],\n-   init: [Function],\n-   has: [Function: has],\n-   closest: [Function: closest],\n-   index: [Function: index],\n-   add: [Function: add],\n-   addBack: [Function: addBack],\n-   parent: [Function],\n-   parents: [Function],\n-   parentsUntil: [Function],\n-   next: [Function],\n-   prev: [Function],\n-   nextAll: [Function],\n-   prevAll: [Function],\n-   nextUntil: [Function],\n-   prevUntil: [Function],\n-   siblings: [Function],\n-   children: [Function],\n-   contents: [Function],\n-   ready: [Function],\n-   data: [Function: data],\n-   removeData: [Function: removeData],\n-   queue: [Function: queue],\n-   dequeue: [Function: dequeue],\n-   clearQueue: [Function: clearQueue],\n-   promise: [Function: promise],\n-   show: [Function],\n-   hide: [Function],\n-   toggle: [Function],\n-   on: [Function: on],\n-   one: [Function: one],\n-   off: [Function: off],\n-   detach: [Function: detach],\n-   remove: [Function: remove],\n-   text: [Function: text],\n-   append: [Function: append],\n-   prepend: [Function: prepend],\n-   before: [Function: before],\n-   after: [Function: after],\n-   empty: [Function: empty],\n-   clone: [Function: clone],\n-   html: [Function: html],\n-   replaceWith: [Function: replaceWith],\n-   appendTo: [Function],\n-   prependTo: [Function],\n-   insertBefore: [Function],\n-   insertAfter: [Function],\n-   replaceAll: [Function],\n-   css: [Function: css],\n-   fadeTo: [Function: fadeTo],\n-   animate: [Function: animate],\n-   stop: [Function: stop],\n-   finish: [Function: finish],\n-   slideDown: [Function],\n-   slideUp: [Function],\n-   slideToggle: [Function],\n-   fadeIn: [Function],\n-   fadeOut: [Function],\n-   fadeToggle: [Function],\n-   delay: [Function],\n-   attr: [Function: attr],\n-   removeAttr: [Function: removeAttr],\n-   prop: [Function: prop],\n-   removeProp: [Function: removeProp],\n-   addClass: [Function: addClass],\n-   removeClass: [Function: removeClass],\n-   toggleClass: [Function: toggleClass],\n-   hasClass: [Function: hasClass],\n-   val: [Function: val],\n-   trigger: [Function: trigger],\n-   triggerHandler: [Function: triggerHandler],\n-   blur: [Function],\n-   focus: [Function],\n-   focusin: [Function],\n-   focusout: [Function],\n-   resize: [Function],\n-   scroll: [Function],\n-   click: [Function],\n-   dblclick: [Function],\n-   mousedown: [Function],\n-   mouseup: [Function],\n-   mousemove: [Function],\n-   mouseover: [Function],\n-   mouseout: [Function],\n-   mouseenter: [Function],\n-   mouseleave: [Function],\n-   change: [Function],\n-   select: [Function],\n-   submit: [Function],\n-   keydown: [Function],\n-   keypress: [Function],\n-   keyup: [Function],\n-   contextmenu: [Function],\n-   hover: [Function: hover],\n-   serialize: [Function: serialize],\n-   serializeArray: [Function: serializeArray],\n-   wrapAll: [Function: wrapAll],\n-   wrapInner: [Function: wrapInner],\n-   wrap: [Function: wrap],\n-   unwrap: [Function: unwrap],\n-   load: [Function],\n-   ajaxStart: [Function],\n-   ajaxStop: [Function],\n-   ajaxComplete: [Function],\n-   ajaxError: [Function],\n-   ajaxSuccess: [Function],\n-   ajaxSend: [Function],\n-   offset: [Function: offset],\n-   position: [Function: position],\n-   offsetParent: [Function: offsetParent],\n-   scrollLeft: [Function],\n-   scrollTop: [Function],\n-   innerHeight: [Function],\n-   height: [Function],\n-   outerHeight: [Function],\n-   innerWidth: [Function],\n-   width: [Function],\n-   outerWidth: [Function],\n-   bind: [Function: bind],\n-   unbind: [Function: unbind],\n-   delegate: [Function: delegate],\n-   undelegate: [Function: undelegate],\n-   scrollTo: [Function] }\n+ 'selected'\n"
              },
              "uuid": "9b218fcf-0b03-4daf-bcbd-f1f553e5bebc",
              "parentUUID": "7e74f323-771c-4e6d-ade1-6ebaa0ed6c7c",
              "isHook": false,
              "skipped": false
            },
            {
              "title": "Verifica se os pixels dentro do quadro não têm a classe `selected` quando são clicados",
              "fullTitle": "7 - Clicar em uma das cores da paleta, faz com que ela seja selecionada e utilizada para preencher os pixels no quadro. Verifica se os pixels dentro do quadro não têm a classe `selected` quando são clicados",
              "timedOut": null,
              "duration": 4541,
              "state": "failed",
              "speed": null,
              "pass": false,
              "fail": true,
              "pending": false,
              "context": null,
              "code": "cy.get('.color').each(function (color) {\n  var backgroundColor = color.css('background-color');\n  cy.wrap(color).click();\n  cy.get('.pixel').each(function (pixel) {\n    cy.wrap(pixel).click().should('not.have.class', 'selected');\n  });\n});",
              "err": {
                "message": "CypressError: Timed out retrying: Expected to find element: '.pixel', but never found it.",
                "estack": "CypressError: Timed out retrying: Expected to find element: '.pixel', but never found it.\n    at cypressErr (http://localhost:33001/__cypress/runner/cypress_runner.js:149934:9)\n    at throwErr (http://localhost:33001/__cypress/runner/cypress_runner.js:149867:11)\n    at Object.throwErrByPath (http://localhost:33001/__cypress/runner/cypress_runner.js:149915:3)\n    at retry (http://localhost:33001/__cypress/runner/cypress_runner.js:144197:19)\n    at onFailFn (http://localhost:33001/__cypress/runner/cypress_runner.js:132448:16)\n    at tryCatcher (http://localhost:33001/__cypress/runner/cypress_runner.js:167415:23)\n    at Promise._settlePromiseFromHandler (http://localhost:33001/__cypress/runner/cypress_runner.js:165351:31)\n    at Promise._settlePromise (http://localhost:33001/__cypress/runner/cypress_runner.js:165408:18)\n    at Promise._settlePromise0 (http://localhost:33001/__cypress/runner/cypress_runner.js:165453:10)\n    at Promise._settlePromises (http://localhost:33001/__cypress/runner/cypress_runner.js:165528:18)\n    at Async../node_modules/bluebird/js/release/async.js.Async._drainQueue (http://localhost:33001/__cypress/runner/cypress_runner.js:162140:16)\n    at Async../node_modules/bluebird/js/release/async.js.Async._drainQueues (http://localhost:33001/__cypress/runner/cypress_runner.js:162150:10)\n    at Async.drainQueues (http://localhost:33001/__cypress/runner/cypress_runner.js:162024:14)",
                "diff": null
              },
              "uuid": "31f96ad9-d4b7-4a8e-9a40-a6716b5bbd67",
              "parentUUID": "7e74f323-771c-4e6d-ade1-6ebaa0ed6c7c",
              "isHook": false,
              "skipped": false
            }
          ],
          "suites": [],
          "passes": [],
          "failures": [
            "9b218fcf-0b03-4daf-bcbd-f1f553e5bebc",
            "31f96ad9-d4b7-4a8e-9a40-a6716b5bbd67"
          ],
          "pending": [],
          "skipped": [],
          "duration": 5015,
          "root": false,
          "rootEmpty": false,
          "_timeout": 2000
        },
        {
          "uuid": "e52995b0-0f7a-416f-bd1c-ae3ce27a775c",
          "title": "8 - Clicar em um pixel dentro do quadro após selecionar uma cor na paleta, faz com que o pixel seja preenchido com a cor selecionada.",
          "fullFile": "",
          "file": "",
          "beforeHooks": [],
          "afterHooks": [],
          "tests": [
            {
              "title": "Verifica se ao carregar a página deve ser possível pintar os pixels de preto",
              "fullTitle": "8 - Clicar em um pixel dentro do quadro após selecionar uma cor na paleta, faz com que o pixel seja preenchido com a cor selecionada. Verifica se ao carregar a página deve ser possível pintar os pixels de preto",
              "timedOut": null,
              "duration": 4472,
              "state": "failed",
              "speed": null,
              "pass": false,
              "fail": true,
              "pending": false,
              "context": null,
              "code": "cy.get('.pixel').each(function (pixel) {\n  cy.wrap(pixel).click().should('have.css', 'background-color', BLACK);\n});",
              "err": {
                "message": "CypressError: Timed out retrying: Expected to find element: '.pixel', but never found it.",
                "estack": "CypressError: Timed out retrying: Expected to find element: '.pixel', but never found it.\n    at cypressErr (http://localhost:33001/__cypress/runner/cypress_runner.js:149934:9)\n    at throwErr (http://localhost:33001/__cypress/runner/cypress_runner.js:149867:11)\n    at Object.throwErrByPath (http://localhost:33001/__cypress/runner/cypress_runner.js:149915:3)\n    at retry (http://localhost:33001/__cypress/runner/cypress_runner.js:144197:19)\n    at onFailFn (http://localhost:33001/__cypress/runner/cypress_runner.js:132448:16)\n    at tryCatcher (http://localhost:33001/__cypress/runner/cypress_runner.js:167415:23)\n    at Promise._settlePromiseFromHandler (http://localhost:33001/__cypress/runner/cypress_runner.js:165351:31)\n    at Promise._settlePromise (http://localhost:33001/__cypress/runner/cypress_runner.js:165408:18)\n    at Promise._settlePromise0 (http://localhost:33001/__cypress/runner/cypress_runner.js:165453:10)\n    at Promise._settlePromises (http://localhost:33001/__cypress/runner/cypress_runner.js:165528:18)\n    at Async../node_modules/bluebird/js/release/async.js.Async._drainQueue (http://localhost:33001/__cypress/runner/cypress_runner.js:162140:16)\n    at Async../node_modules/bluebird/js/release/async.js.Async._drainQueues (http://localhost:33001/__cypress/runner/cypress_runner.js:162150:10)\n    at Async.drainQueues (http://localhost:33001/__cypress/runner/cypress_runner.js:162024:14)",
                "diff": null
              },
              "uuid": "d7bf0aa9-3b24-40c6-a4be-e674475b8853",
              "parentUUID": "e52995b0-0f7a-416f-bd1c-ae3ce27a775c",
              "isHook": false,
              "skipped": false
            },
            {
              "title": "Verifica se após selecionar uma outra cor na paleta, é possível pintar os pixels com essa cor",
              "fullTitle": "8 - Clicar em um pixel dentro do quadro após selecionar uma cor na paleta, faz com que o pixel seja preenchido com a cor selecionada. Verifica se após selecionar uma outra cor na paleta, é possível pintar os pixels com essa cor",
              "timedOut": null,
              "duration": 4654,
              "state": "failed",
              "speed": null,
              "pass": false,
              "fail": true,
              "pending": false,
              "context": null,
              "code": "cy.get('.color').each(function (color) {\n  var backgroundColor = color.css('background-color');\n  cy.wrap(color).click();\n  cy.get('.pixel').each(function (pixel) {\n    cy.wrap(pixel).click().should('have.css', 'background-color', backgroundColor);\n  });\n});",
              "err": {
                "message": "CypressError: Timed out retrying: Expected to find element: '.pixel', but never found it.",
                "estack": "CypressError: Timed out retrying: Expected to find element: '.pixel', but never found it.\n    at cypressErr (http://localhost:33001/__cypress/runner/cypress_runner.js:149934:9)\n    at throwErr (http://localhost:33001/__cypress/runner/cypress_runner.js:149867:11)\n    at Object.throwErrByPath (http://localhost:33001/__cypress/runner/cypress_runner.js:149915:3)\n    at retry (http://localhost:33001/__cypress/runner/cypress_runner.js:144197:19)\n    at onFailFn (http://localhost:33001/__cypress/runner/cypress_runner.js:132448:16)\n    at tryCatcher (http://localhost:33001/__cypress/runner/cypress_runner.js:167415:23)\n    at Promise._settlePromiseFromHandler (http://localhost:33001/__cypress/runner/cypress_runner.js:165351:31)\n    at Promise._settlePromise (http://localhost:33001/__cypress/runner/cypress_runner.js:165408:18)\n    at Promise._settlePromise0 (http://localhost:33001/__cypress/runner/cypress_runner.js:165453:10)\n    at Promise._settlePromises (http://localhost:33001/__cypress/runner/cypress_runner.js:165528:18)\n    at Async../node_modules/bluebird/js/release/async.js.Async._drainQueue (http://localhost:33001/__cypress/runner/cypress_runner.js:162140:16)\n    at Async../node_modules/bluebird/js/release/async.js.Async._drainQueues (http://localhost:33001/__cypress/runner/cypress_runner.js:162150:10)\n    at Async.drainQueues (http://localhost:33001/__cypress/runner/cypress_runner.js:162024:14)",
                "diff": null
              },
              "uuid": "b6bdbce1-dd0f-4fd1-9d50-dfe5b6cc3ba1",
              "parentUUID": "e52995b0-0f7a-416f-bd1c-ae3ce27a775c",
              "isHook": false,
              "skipped": false
            },
            {
              "title": "Verifica se somente o pixel que foi clicado foi preenchido com a cor selecionada, sem influenciar na cor dos demais pixels.",
              "fullTitle": "8 - Clicar em um pixel dentro do quadro após selecionar uma cor na paleta, faz com que o pixel seja preenchido com a cor selecionada. Verifica se somente o pixel que foi clicado foi preenchido com a cor selecionada, sem influenciar na cor dos demais pixels.",
              "timedOut": null,
              "duration": 4603,
              "state": "failed",
              "speed": null,
              "pass": false,
              "fail": true,
              "pending": false,
              "context": null,
              "code": "var colorToPixelIndexMap = {\n  0: 6,\n  1: 8,\n  2: 16,\n  3: 18\n};\ncy.get('.color').each(function (color, index) {\n  cy.wrap(color).click();\n  var backgroundColor = color.css('background-color');\n  var clickedPixelIndex = colorToPixelIndexMap[index];\n  cy.get('.pixel').eq(clickedPixelIndex).click();\n  cy.get('.pixel').eq(clickedPixelIndex - 1).should('not.have.css', 'background-color', backgroundColor);\n  cy.get('.pixel').eq(clickedPixelIndex + 1).should('not.have.css', 'background-color', backgroundColor);\n  cy.get('.pixel').eq(clickedPixelIndex - 5).should('not.have.css', 'background-color', backgroundColor);\n  cy.get('.pixel').eq(clickedPixelIndex + 5).should('not.have.css', 'background-color', backgroundColor);\n  cy.get('.pixel').eq(clickedPixelIndex - 6).should('not.have.css', 'background-color', backgroundColor);\n  cy.get('.pixel').eq(clickedPixelIndex - 4).should('not.have.css', 'background-color', backgroundColor);\n  cy.get('.pixel').eq(clickedPixelIndex + 4).should('not.have.css', 'background-color', backgroundColor);\n  cy.get('.pixel').eq(clickedPixelIndex + 6).should('not.have.css', 'background-color', backgroundColor);\n});",
              "err": {
                "message": "CypressError: Timed out retrying: Expected to find element: '.pixel', but never found it.",
                "estack": "CypressError: Timed out retrying: Expected to find element: '.pixel', but never found it.\n    at cypressErr (http://localhost:33001/__cypress/runner/cypress_runner.js:149934:9)\n    at throwErr (http://localhost:33001/__cypress/runner/cypress_runner.js:149867:11)\n    at Object.throwErrByPath (http://localhost:33001/__cypress/runner/cypress_runner.js:149915:3)\n    at retry (http://localhost:33001/__cypress/runner/cypress_runner.js:144197:19)\n    at onFailFn (http://localhost:33001/__cypress/runner/cypress_runner.js:132448:16)\n    at tryCatcher (http://localhost:33001/__cypress/runner/cypress_runner.js:167415:23)\n    at Promise._settlePromiseFromHandler (http://localhost:33001/__cypress/runner/cypress_runner.js:165351:31)\n    at Promise._settlePromise (http://localhost:33001/__cypress/runner/cypress_runner.js:165408:18)\n    at Promise._settlePromise0 (http://localhost:33001/__cypress/runner/cypress_runner.js:165453:10)\n    at Promise._settlePromises (http://localhost:33001/__cypress/runner/cypress_runner.js:165528:18)\n    at Async../node_modules/bluebird/js/release/async.js.Async._drainQueue (http://localhost:33001/__cypress/runner/cypress_runner.js:162140:16)\n    at Async../node_modules/bluebird/js/release/async.js.Async._drainQueues (http://localhost:33001/__cypress/runner/cypress_runner.js:162150:10)\n    at Async.drainQueues (http://localhost:33001/__cypress/runner/cypress_runner.js:162024:14)",
                "diff": null
              },
              "uuid": "515b4cb0-95ed-405f-9fba-a1ff31d599f7",
              "parentUUID": "e52995b0-0f7a-416f-bd1c-ae3ce27a775c",
              "isHook": false,
              "skipped": false
            }
          ],
          "suites": [],
          "passes": [],
          "failures": [
            "d7bf0aa9-3b24-40c6-a4be-e674475b8853",
            "b6bdbce1-dd0f-4fd1-9d50-dfe5b6cc3ba1",
            "515b4cb0-95ed-405f-9fba-a1ff31d599f7"
          ],
          "pending": [],
          "skipped": [],
          "duration": 13729,
          "root": false,
          "rootEmpty": false,
          "_timeout": 2000
        },
        {
          "uuid": "4582aae0-15a2-456a-8b91-14aad55b4bb2",
          "title": "9 - Crie um botão que, ao ser clicado, limpa o quadro preenchendo a cor de todos seus pixels com branco.",
          "fullFile": "",
          "file": "",
          "beforeHooks": [],
          "afterHooks": [],
          "tests": [
            {
              "title": "Verifica se o botão tem o `id` denominado `clear-board`",
              "fullTitle": "9 - Crie um botão que, ao ser clicado, limpa o quadro preenchendo a cor de todos seus pixels com branco. Verifica se o botão tem o `id` denominado `clear-board`",
              "timedOut": null,
              "duration": 4511,
              "state": "failed",
              "speed": null,
              "pass": false,
              "fail": true,
              "pending": false,
              "context": null,
              "code": "cy.get('#clear-board').should('be.visible');",
              "err": {
                "message": "CypressError: Timed out retrying: Expected to find element: '#clear-board', but never found it.",
                "estack": "CypressError: Timed out retrying: Expected to find element: '#clear-board', but never found it.\n    at cypressErr (http://localhost:33001/__cypress/runner/cypress_runner.js:149934:9)\n    at throwErr (http://localhost:33001/__cypress/runner/cypress_runner.js:149867:11)\n    at Object.throwErrByPath (http://localhost:33001/__cypress/runner/cypress_runner.js:149915:3)\n    at retry (http://localhost:33001/__cypress/runner/cypress_runner.js:144197:19)\n    at onFailFn (http://localhost:33001/__cypress/runner/cypress_runner.js:132448:16)\n    at tryCatcher (http://localhost:33001/__cypress/runner/cypress_runner.js:167415:23)\n    at Promise._settlePromiseFromHandler (http://localhost:33001/__cypress/runner/cypress_runner.js:165351:31)\n    at Promise._settlePromise (http://localhost:33001/__cypress/runner/cypress_runner.js:165408:18)\n    at Promise._settlePromise0 (http://localhost:33001/__cypress/runner/cypress_runner.js:165453:10)\n    at Promise._settlePromises (http://localhost:33001/__cypress/runner/cypress_runner.js:165528:18)\n    at Async../node_modules/bluebird/js/release/async.js.Async._drainQueue (http://localhost:33001/__cypress/runner/cypress_runner.js:162140:16)\n    at Async../node_modules/bluebird/js/release/async.js.Async._drainQueues (http://localhost:33001/__cypress/runner/cypress_runner.js:162150:10)\n    at Async.drainQueues (http://localhost:33001/__cypress/runner/cypress_runner.js:162024:14)",
                "diff": null
              },
              "uuid": "de37cfb5-3857-47c6-88d9-9709aa40e886",
              "parentUUID": "4582aae0-15a2-456a-8b91-14aad55b4bb2",
              "isHook": false,
              "skipped": false
            },
            {
              "title": "Verifica se o botão está posicionado entre a paleta de cores e o quadro de pixels",
              "fullTitle": "9 - Crie um botão que, ao ser clicado, limpa o quadro preenchendo a cor de todos seus pixels com branco. Verifica se o botão está posicionado entre a paleta de cores e o quadro de pixels",
              "timedOut": null,
              "duration": 4474,
              "state": "failed",
              "speed": null,
              "pass": false,
              "fail": true,
              "pending": false,
              "context": null,
              "code": "cy.get('#color-palette').then(function (palette) {\n  cy.get('#clear-board').should('be.belowOf', palette);\n});\ncy.get('#clear-board').then(function (clearBtn) {\n  cy.get('#pixel-board').should('be.belowOf', clearBtn);\n});",
              "err": {
                "message": "CypressError: Timed out retrying: Expected to find element: '#clear-board', but never found it.",
                "estack": "CypressError: Timed out retrying: Expected to find element: '#clear-board', but never found it.\n    at cypressErr (http://localhost:33001/__cypress/runner/cypress_runner.js:149934:9)\n    at throwErr (http://localhost:33001/__cypress/runner/cypress_runner.js:149867:11)\n    at Object.throwErrByPath (http://localhost:33001/__cypress/runner/cypress_runner.js:149915:3)\n    at retry (http://localhost:33001/__cypress/runner/cypress_runner.js:144197:19)\n    at onFailFn (http://localhost:33001/__cypress/runner/cypress_runner.js:132448:16)\n    at tryCatcher (http://localhost:33001/__cypress/runner/cypress_runner.js:167415:23)\n    at Promise._settlePromiseFromHandler (http://localhost:33001/__cypress/runner/cypress_runner.js:165351:31)\n    at Promise._settlePromise (http://localhost:33001/__cypress/runner/cypress_runner.js:165408:18)\n    at Promise._settlePromise0 (http://localhost:33001/__cypress/runner/cypress_runner.js:165453:10)\n    at Promise._settlePromises (http://localhost:33001/__cypress/runner/cypress_runner.js:165528:18)\n    at Async../node_modules/bluebird/js/release/async.js.Async._drainQueue (http://localhost:33001/__cypress/runner/cypress_runner.js:162140:16)\n    at Async../node_modules/bluebird/js/release/async.js.Async._drainQueues (http://localhost:33001/__cypress/runner/cypress_runner.js:162150:10)\n    at Async.drainQueues (http://localhost:33001/__cypress/runner/cypress_runner.js:162024:14)",
                "diff": null
              },
              "uuid": "ed8e1c7e-b28d-4680-850f-d3200c7ed90b",
              "parentUUID": "4582aae0-15a2-456a-8b91-14aad55b4bb2",
              "isHook": false,
              "skipped": false
            },
            {
              "title": "Verifica se o texto do botão é 'Limpar'",
              "fullTitle": "9 - Crie um botão que, ao ser clicado, limpa o quadro preenchendo a cor de todos seus pixels com branco. Verifica se o texto do botão é 'Limpar'",
              "timedOut": null,
              "duration": 4472,
              "state": "failed",
              "speed": null,
              "pass": false,
              "fail": true,
              "pending": false,
              "context": null,
              "code": "cy.get('#clear-board').should('contain.text', 'Limpar');",
              "err": {
                "message": "CypressError: Timed out retrying: Expected to find element: '#clear-board', but never found it.",
                "estack": "CypressError: Timed out retrying: Expected to find element: '#clear-board', but never found it.\n    at cypressErr (http://localhost:33001/__cypress/runner/cypress_runner.js:149934:9)\n    at throwErr (http://localhost:33001/__cypress/runner/cypress_runner.js:149867:11)\n    at Object.throwErrByPath (http://localhost:33001/__cypress/runner/cypress_runner.js:149915:3)\n    at retry (http://localhost:33001/__cypress/runner/cypress_runner.js:144197:19)\n    at onFailFn (http://localhost:33001/__cypress/runner/cypress_runner.js:132448:16)\n    at tryCatcher (http://localhost:33001/__cypress/runner/cypress_runner.js:167415:23)\n    at Promise._settlePromiseFromHandler (http://localhost:33001/__cypress/runner/cypress_runner.js:165351:31)\n    at Promise._settlePromise (http://localhost:33001/__cypress/runner/cypress_runner.js:165408:18)\n    at Promise._settlePromise0 (http://localhost:33001/__cypress/runner/cypress_runner.js:165453:10)\n    at Promise._settlePromises (http://localhost:33001/__cypress/runner/cypress_runner.js:165528:18)\n    at Async../node_modules/bluebird/js/release/async.js.Async._drainQueue (http://localhost:33001/__cypress/runner/cypress_runner.js:162140:16)\n    at Async../node_modules/bluebird/js/release/async.js.Async._drainQueues (http://localhost:33001/__cypress/runner/cypress_runner.js:162150:10)\n    at Async.drainQueues (http://localhost:33001/__cypress/runner/cypress_runner.js:162024:14)",
                "diff": null
              },
              "uuid": "ae91c2c9-06ea-409d-855a-9430411f132a",
              "parentUUID": "4582aae0-15a2-456a-8b91-14aad55b4bb2",
              "isHook": false,
              "skipped": false
            },
            {
              "title": "Verifica se ao clicar no botão, o quadro de pixels é totalmente preenchido de branco",
              "fullTitle": "9 - Crie um botão que, ao ser clicado, limpa o quadro preenchendo a cor de todos seus pixels com branco. Verifica se ao clicar no botão, o quadro de pixels é totalmente preenchido de branco",
              "timedOut": null,
              "duration": 4499,
              "state": "failed",
              "speed": null,
              "pass": false,
              "fail": true,
              "pending": false,
              "context": null,
              "code": "cy.get('.color').eq(1).then(function (color) {\n  var backgroundColor = color.css('background-color');\n  cy.wrap(color).click();\n  cy.get('.pixel').each(function (pixel) {\n    cy.wrap(pixel).click().should('have.css', 'background-color', backgroundColor);\n  });\n});\ncy.get('#clear-board').click();\ncy.get('.pixel').each(function (pixel) {\n  cy.wrap(pixel).should('have.css', 'background-color', WHITE);\n});",
              "err": {
                "message": "CypressError: Timed out retrying: Expected to find element: '.pixel', but never found it.",
[...]
                "diff": null
              },
              "uuid": "730243e8-5620-46e5-9d1e-1c83a4c7f191",
              "parentUUID": "28fc0c27-8f2a-4fd5-b672-f6d793ebccd4",
              "isHook": false,
              "skipped": false
            },
            {
              "title": "Verifica se o novo quadro tem todos os pixels preenchidos com a cor branca",
              "fullTitle": "10 - Faça o quadro de pixels ter seu tamanho definido pelo usuário. Verifica se o novo quadro tem todos os pixels preenchidos com a cor branca",
              "timedOut": null,
              "duration": 4462,
              "state": "failed",
              "speed": null,
              "pass": false,
              "fail": true,
              "pending": false,
              "context": null,
              "code": "cy.get('#board-size').clear().type(6);\ncy.get('#generate-board').click();\ncy.get('.pixel').should('have.length', 36).each(function (pixel) {\n  expect(pixel).to.have.css('background-color', WHITE);\n});",
              "err": {
                "message": "CypressError: Timed out retrying: Expected to find element: '#board-size', but never found it.",
                "estack": "CypressError: Timed out retrying: Expected to find element: '#board-size', but never found it.\n    at cypressErr (http://localhost:33001/__cypress/runner/cypress_runner.js:149934:9)\n    at throwErr (http://localhost:33001/__cypress/runner/cypress_runner.js:149867:11)\n    at Object.throwErrByPath (http://localhost:33001/__cypress/runner/cypress_runner.js:149915:3)\n    at retry (http://localhost:33001/__cypress/runner/cypress_runner.js:144197:19)\n    at onFailFn (http://localhost:33001/__cypress/runner/cypress_runner.js:132448:16)\n    at tryCatcher (http://localhost:33001/__cypress/runner/cypress_runner.js:167415:23)\n    at Promise._settlePromiseFromHandler (http://localhost:33001/__cypress/runner/cypress_runner.js:165351:31)\n    at Promise._settlePromise (http://localhost:33001/__cypress/runner/cypress_runner.js:165408:18)\n    at Promise._settlePromise0 (http://localhost:33001/__cypress/runner/cypress_runner.js:165453:10)\n    at Promise._settlePromises (http://localhost:33001/__cypress/runner/cypress_runner.js:165528:18)\n    at Async../node_modules/bluebird/js/release/async.js.Async._drainQueue (http://localhost:33001/__cypress/runner/cypress_runner.js:162140:16)\n    at Async../node_modules/bluebird/js/release/async.js.Async._drainQueues (http://localhost:33001/__cypress/runner/cypress_runner.js:162150:10)\n    at Async.drainQueues (http://localhost:33001/__cypress/runner/cypress_runner.js:162024:14)",
                "diff": null
              },
              "uuid": "fb29dc85-7917-4e8c-b7ad-4a202cc4406b",
              "parentUUID": "28fc0c27-8f2a-4fd5-b672-f6d793ebccd4",
              "isHook": false,
              "skipped": false
            }
          ],
          "suites": [],
          "passes": [],
          "failures": [
            "90b77113-9f58-48aa-aaa2-95df91bc837f",
            "44b573f6-63b9-4c17-93bc-38ab67b72acb",
            "62e4b822-3475-450f-abaf-06c6ddae01f9",
            "809df958-3f33-40fd-9e50-48f3d6fd148d",
            "018c15c1-a4d5-424a-96f1-01f1d69adf01",
            "c59205e1-8af6-463f-8046-0006f4886ee0",
            "ea5fe309-cfa3-49ba-a556-c8833356a079",
            "730243e8-5620-46e5-9d1e-1c83a4c7f191",
            "fb29dc85-7917-4e8c-b7ad-4a202cc4406b"
          ],
          "pending": [],
          "skipped": [],
          "duration": 40410,
          "root": false,
          "rootEmpty": false,
          "_timeout": 2000
        },
        {
          "uuid": "7b8bf5d2-7c80-4088-9c81-5fa12c5fa82a",
          "title": "11 - Limite o tamanho mínimo e máximo do board.",
          "fullFile": "",
          "file": "",
          "beforeHooks": [],
          "afterHooks": [],
          "tests": [
            {
              "title": "Verifica se a altura máxima do board é 50",
              "fullTitle": "11 - Limite o tamanho mínimo e máximo do board. Verifica se a altura máxima do board é 50",
              "timedOut": null,
              "duration": 4424,
              "state": "failed",
              "speed": null,
              "pass": false,
              "fail": true,
              "pending": false,
              "context": null,
              "code": "cy.get('#board-size').clear().type(50);\ncy.get('#generate-board').click();\ncy.get('.pixel').should('have.length', 2500);",
              "err": {
                "message": "CypressError: Timed out retrying: Expected to find element: '#board-size', but never found it.",
                "estack": "CypressError: Timed out retrying: Expected to find element: '#board-size', but never found it.\n    at cypressErr (http://localhost:33001/__cypress/runner/cypress_runner.js:149934:9)\n    at throwErr (http://localhost:33001/__cypress/runner/cypress_runner.js:149867:11)\n    at Object.throwErrByPath (http://localhost:33001/__cypress/runner/cypress_runner.js:149915:3)\n    at retry (http://localhost:33001/__cypress/runner/cypress_runner.js:144197:19)\n    at onFailFn (http://localhost:33001/__cypress/runner/cypress_runner.js:132448:16)\n    at tryCatcher (http://localhost:33001/__cypress/runner/cypress_runner.js:167415:23)\n    at Promise._settlePromiseFromHandler (http://localhost:33001/__cypress/runner/cypress_runner.js:165351:31)\n    at Promise._settlePromise (http://localhost:33001/__cypress/runner/cypress_runner.js:165408:18)\n    at Promise._settlePromise0 (http://localhost:33001/__cypress/runner/cypress_runner.js:165453:10)\n    at Promise._settlePromises (http://localhost:33001/__cypress/runner/cypress_runner.js:165528:18)\n    at Async../node_modules/bluebird/js/release/async.js.Async._drainQueue (http://localhost:33001/__cypress/runner/cypress_runner.js:162140:16)\n    at Async../node_modules/bluebird/js/release/async.js.Async._drainQueues (http://localhost:33001/__cypress/runner/cypress_runner.js:162150:10)\n    at Async.drainQueues (http://localhost:33001/__cypress/runner/cypress_runner.js:162024:14)",
                "diff": null
              },
              "uuid": "6721d641-0883-4e75-982f-af93fe65112b",
              "parentUUID": "7b8bf5d2-7c80-4088-9c81-5fa12c5fa82a",
              "isHook": false,
              "skipped": false
            },
            {
              "title": "Verifica se a altura do board é 5 quando um valor menor é colocado no input",
              "fullTitle": "11 - Limite o tamanho mínimo e máximo do board. Verifica se a altura do board é 5 quando um valor menor é colocado no input",
              "timedOut": null,
              "duration": 4470,
              "state": "failed",
              "speed": null,
              "pass": false,
              "fail": true,
              "pending": false,
              "context": null,
              "code": "cy.get('#board-size').clear().type(4);\ncy.get('#generate-board').click();\ncy.get('.pixel').should('have.length', 25);",
              "err": {
                "message": "CypressError: Timed out retrying: Expected to find element: '#board-size', but never found it.",
                "estack": "CypressError: Timed out retrying: Expected to find element: '#board-size', but never found it.\n    at cypressErr (http://localhost:33001/__cypress/runner/cypress_runner.js:149934:9)\n    at throwErr (http://localhost:33001/__cypress/runner/cypress_runner.js:149867:11)\n    at Object.throwErrByPath (http://localhost:33001/__cypress/runner/cypress_runner.js:149915:3)\n    at retry (http://localhost:33001/__cypress/runner/cypress_runner.js:144197:19)\n    at onFailFn (http://localhost:33001/__cypress/runner/cypress_runner.js:132448:16)\n    at tryCatcher (http://localhost:33001/__cypress/runner/cypress_runner.js:167415:23)\n    at Promise._settlePromiseFromHandler (http://localhost:33001/__cypress/runner/cypress_runner.js:165351:31)\n    at Promise._settlePromise (http://localhost:33001/__cypress/runner/cypress_runner.js:165408:18)\n    at Promise._settlePromise0 (http://localhost:33001/__cypress/runner/cypress_runner.js:165453:10)\n    at Promise._settlePromises (http://localhost:33001/__cypress/runner/cypress_runner.js:165528:18)\n    at Async../node_modules/bluebird/js/release/async.js.Async._drainQueue (http://localhost:33001/__cypress/runner/cypress_runner.js:162140:16)\n    at Async../node_modules/bluebird/js/release/async.js.Async._drainQueues (http://localhost:33001/__cypress/runner/cypress_runner.js:162150:10)\n    at Async.drainQueues (http://localhost:33001/__cypress/runner/cypress_runner.js:162024:14)",
                "diff": null
              },
              "uuid": "df98c22e-1dd4-49e1-9a75-52f9129205e8",
              "parentUUID": "7b8bf5d2-7c80-4088-9c81-5fa12c5fa82a",
              "isHook": false,
              "skipped": false
            },
            {
              "title": "Verifica se a altura do board é 50 quando um valor maior é colocado no input",
              "fullTitle": "11 - Limite o tamanho mínimo e máximo do board. Verifica se a altura do board é 50 quando um valor maior é colocado no input",
              "timedOut": null,
              "duration": 4399,
              "state": "failed",
              "speed": null,
              "pass": false,
              "fail": true,
              "pending": false,
              "context": null,
              "code": "cy.get('#board-size').clear().type(51);\ncy.get('#generate-board').click();\ncy.get('.pixel').should('have.length', 2500);",
              "err": {
                "message": "CypressError: Timed out retrying: Expected to find element: '#board-size', but never found it.",
                "estack": "CypressError: Timed out retrying: Expected to find element: '#board-size', but never found it.\n    at cypressErr (http://localhost:33001/__cypress/runner/cypress_runner.js:149934:9)\n    at throwErr (http://localhost:33001/__cypress/runner/cypress_runner.js:149867:11)\n    at Object.throwErrByPath (http://localhost:33001/__cypress/runner/cypress_runner.js:149915:3)\n    at retry (http://localhost:33001/__cypress/runner/cypress_runner.js:144197:19)\n    at onFailFn (http://localhost:33001/__cypress/runner/cypress_runner.js:132448:16)\n    at tryCatcher (http://localhost:33001/__cypress/runner/cypress_runner.js:167415:23)\n    at Promise._settlePromiseFromHandler (http://localhost:33001/__cypress/runner/cypress_runner.js:165351:31)\n    at Promise._settlePromise (http://localhost:33001/__cypress/runner/cypress_runner.js:165408:18)\n    at Promise._settlePromise0 (http://localhost:33001/__cypress/runner/cypress_runner.js:165453:10)\n    at Promise._settlePromises (http://localhost:33001/__cypress/runner/cypress_runner.js:165528:18)\n    at Async../node_modules/bluebird/js/release/async.js.Async._drainQueue (http://localhost:33001/__cypress/runner/cypress_runner.js:162140:16)\n    at Async../node_modules/bluebird/js/release/async.js.Async._drainQueues (http://localhost:33001/__cypress/runner/cypress_runner.js:162150:10)\n    at Async.drainQueues (http://localhost:33001/__cypress/runner/cypress_runner.js:162024:14)",
                "diff": null
              },
              "uuid": "67fa5a0d-969d-447b-8bd3-2ce25a9c0f2d",
              "parentUUID": "7b8bf5d2-7c80-4088-9c81-5fa12c5fa82a",
              "isHook": false,
              "skipped": false
            }
          ],
          "suites": [],
          "passes": [],
          "failures": [
            "6721d641-0883-4e75-982f-af93fe65112b",
            "df98c22e-1dd4-49e1-9a75-52f9129205e8",
            "67fa5a0d-969d-447b-8bd3-2ce25a9c0f2d"
          ],
          "pending": [],
          "skipped": [],
          "duration": 13293,
          "root": false,
          "rootEmpty": false,
          "_timeout": 2000
        },
        {
          "uuid": "6459b2b8-372d-4cf3-a379-33629b737717",
          "title": "12 - Faça com que as cores da paleta sejam geradas aleatoriamente ao carregar a página.",
          "fullFile": "",
          "file": "",
          "beforeHooks": [],
          "afterHooks": [],
          "tests": [
            {
              "title": "Verifica se as cores geradas na paleta são diferentes a cada carregamento da página",
              "fullTitle": "12 - Faça com que as cores da paleta sejam geradas aleatoriamente ao carregar a página. Verifica se as cores geradas na paleta são diferentes a cada carregamento da página",
              "timedOut": null,
              "duration": 582,
              "state": "failed",
              "speed": null,
              "pass": false,
              "fail": true,
              "pending": false,
              "context": null,
              "code": "cy.get('.color').then(function (colors) {\n  var currentColors;\n  var previousColors;\n  previousColors = Array.from(colors).map(function (color) {\n    return Cypress.$(color).css('background-color');\n  });\n  for (var i = 0; i < 5; i += 1) {\n    cy.reload();\n    cy.get('.color').then(function (colors) {\n      currentColors = Array.from(colors).map(function (color) {\n        return Cypress.$(color).css('background-color');\n      });\n      expect(currentColors).not.to.deep.equal(previousColors);\n      previousColors = currentColors;\n    });\n  }\n});",
              "err": {
                "message": "AssertionError: expected [ Array(5) ] to not deeply equal [ Array(5) ]",
                "estack": "AssertionError: expected [ Array(5) ] to not deeply equal [ Array(5) ]\n    at getRet (http://localhost:33001/__cypress/runner/cypress_runner.js:136585:16)\n    at tryCatcher (http://localhost:33001/__cypress/runner/cypress_runner.js:167415:23)\n    at Function.Promise.attempt.Promise.try (http://localhost:33001/__cypress/runner/cypress_runner.js:164690:29)\n    at Context.thenFn (http://localhost:33001/__cypress/runner/cypress_runner.js:136599:23)\n    at Context.then (http://localhost:33001/__cypress/runner/cypress_runner.js:136971:21)\n    at Context.<anonymous> (http://localhost:33001/__cypress/runner/cypress_runner.js:148875:21)\n    at http://localhost:33001/__cypress/runner/cypress_runner.js:148351:33\n    at tryCatcher (http://localhost:33001/__cypress/runner/cypress_runner.js:167415:23)\n    at Promise._settlePromiseFromHandler (http://localhost:33001/__cypress/runner/cypress_runner.js:165351:31)\n    at Promise._settlePromise (http://localhost:33001/__cypress/runner/cypress_runner.js:165408:18)\n    at Promise._settlePromiseCtx (http://localhost:33001/__cypress/runner/cypress_runner.js:165445:10)\n    at Async../node_modules/bluebird/js/release/async.js.Async._drainQueue (http://localhost:33001/__cypress/runner/cypress_runner.js:162145:12)\n    at Async../node_modules/bluebird/js/release/async.js.Async._drainQueues (http://localhost:33001/__cypress/runner/cypress_runner.js:162150:10)\n    at Async.drainQueues (http://localhost:33001/__cypress/runner/cypress_runner.js:162024:14)",
                "diff": ""
              },
              "uuid": "e439eb0b-7336-433a-b550-4ce90db64e7b",
              "parentUUID": "6459b2b8-372d-4cf3-a379-33629b737717",
              "isHook": false,
              "skipped": false
            },
            {
              "title": "Verifica se a cor preta ainda está presente e é a primeira na sua paleta de cores",
              "fullTitle": "12 - Faça com que as cores da paleta sejam geradas aleatoriamente ao carregar a página. Verifica se a cor preta ainda está presente e é a primeira na sua paleta de cores",
              "timedOut": null,
              "duration": 431,
              "state": "failed",
              "speed": null,
              "pass": false,
              "fail": true,
              "pending": false,
              "context": null,
              "code": "cy.get('.color').then(function (colors) {\n  var currentColors;\n  var previousColors;\n  previousColors = Array.from(colors).map(function (color) {\n    return Cypress.$(color).css('background-color');\n  });\n  expect(previousColors[0]).to.eq(BLACK);\n  for (var i = 0; i < 5; i += 1) {\n    cy.reload();\n    cy.get('.color').then(function (colors) {\n      currentColors = Array.from(colors).map(function (color) {\n        return Cypress.$(color).css('background-color');\n      });\n      expect(currentColors[0]).to.eq(BLACK);\n      expect(currentColors).not.to.deep.equal(previousColors);\n      previousColors = currentColors;\n    });\n  }\n});",
              "err": {
                "message": "AssertionError: expected [ Array(5) ] to not deeply equal [ Array(5) ]",
                "estack": "AssertionError: expected [ Array(5) ] to not deeply equal [ Array(5) ]\n    at getRet (http://localhost:33001/__cypress/runner/cypress_runner.js:136585:16)\n    at tryCatcher (http://localhost:33001/__cypress/runner/cypress_runner.js:167415:23)\n    at Function.Promise.attempt.Promise.try (http://localhost:33001/__cypress/runner/cypress_runner.js:164690:29)\n    at Context.thenFn (http://localhost:33001/__cypress/runner/cypress_runner.js:136599:23)\n    at Context.then (http://localhost:33001/__cypress/runner/cypress_runner.js:136971:21)\n    at Context.<anonymous> (http://localhost:33001/__cypress/runner/cypress_runner.js:148875:21)\n    at http://localhost:33001/__cypress/runner/cypress_runner.js:148351:33\n    at tryCatcher (http://localhost:33001/__cypress/runner/cypress_runner.js:167415:23)\n    at Promise._settlePromiseFromHandler (http://localhost:33001/__cypress/runner/cypress_runner.js:165351:31)\n    at Promise._settlePromise (http://localhost:33001/__cypress/runner/cypress_runner.js:165408:18)\n    at Promise._settlePromiseCtx (http://localhost:33001/__cypress/runner/cypress_runner.js:165445:10)\n    at Async../node_modules/bluebird/js/release/async.js.Async._drainQueue (http://localhost:33001/__cypress/runner/cypress_runner.js:162145:12)\n    at Async../node_modules/bluebird/js/release/async.js.Async._drainQueues (http://localhost:33001/__cypress/runner/cypress_runner.js:162150:10)\n    at Async.drainQueues (http://localhost:33001/__cypress/runner/cypress_runner.js:162024:14)",
                "diff": ""
              },
              "uuid": "1e3f22de-056a-46c9-87f8-2c78e129e4ef",
              "parentUUID": "6459b2b8-372d-4cf3-a379-33629b737717",
              "isHook": false,
              "skipped": false
            }
          ],
          "suites": [],
          "passes": [],
          "failures": [
            "e439eb0b-7336-433a-b550-4ce90db64e7b",
            "1e3f22de-056a-46c9-87f8-2c78e129e4ef"
          ],
          "pending": [],
          "skipped": [],
          "duration": 1013,
          "root": false,
          "rootEmpty": false,
          "_timeout": 2000
        }
      ],
      "passes": [],
      "failures": [],
      "pending": [],
      "skipped": [],
      "duration": 0,
      "root": true,
      "rootEmpty": true,
      "_timeout": 2000
    }
  ],
  "meta": {
    "mocha": {
      "version": "7.0.1"
    },
    "mochawesome": {
      "options": {
        "quiet": false,
        "reportFilename": "mochawesome",
        "saveHtml": false,
        "saveJson": true,
        "consoleReporter": "spec",
        "useInlineDiffs": false
      },
      "version": "4.1.0"
    },
    "marge": {
      "options": {
        "id": "default",
        "reportDir": "cypress/reports",
        "overwrite": true,
        "html": false,
        "json": true
      },
      "version": "4.1.0"
    }
  }
}